

Started GET "/" for 127.0.0.1 at 2016-06-04 15:42:26 -0400

PG::ConnectionBad - FATAL:  database "SPFS_development" does not exist
:
  activerecord (4.2.6) lib/active_record/connection_adapters/postgresql_adapter.rb:651:in `connect'
  activerecord (4.2.6) lib/active_record/connection_adapters/postgresql_adapter.rb:242:in `initialize'
  activerecord (4.2.6) lib/active_record/connection_adapters/postgresql_adapter.rb:44:in `postgresql_connection'
  activerecord (4.2.6) lib/active_record/connection_adapters/abstract/connection_pool.rb:438:in `new_connection'
  activerecord (4.2.6) lib/active_record/connection_adapters/abstract/connection_pool.rb:448:in `checkout_new_connection'
  activerecord (4.2.6) lib/active_record/connection_adapters/abstract/connection_pool.rb:422:in `acquire_connection'
  activerecord (4.2.6) lib/active_record/connection_adapters/abstract/connection_pool.rb:349:in `block in checkout'
  /Users/Deanna/.rvm/rubies/ruby-2.2.4/lib/ruby/2.2.0/monitor.rb:211:in `mon_synchronize'
  activerecord (4.2.6) lib/active_record/connection_adapters/abstract/connection_pool.rb:348:in `checkout'
  activerecord (4.2.6) lib/active_record/connection_adapters/abstract/connection_pool.rb:263:in `block in connection'
  /Users/Deanna/.rvm/rubies/ruby-2.2.4/lib/ruby/2.2.0/monitor.rb:211:in `mon_synchronize'
  activerecord (4.2.6) lib/active_record/connection_adapters/abstract/connection_pool.rb:262:in `connection'
  activerecord (4.2.6) lib/active_record/connection_adapters/abstract/connection_pool.rb:571:in `retrieve_connection'
  activerecord (4.2.6) lib/active_record/connection_handling.rb:113:in `retrieve_connection'
  activerecord (4.2.6) lib/active_record/connection_handling.rb:87:in `connection'
  activerecord (4.2.6) lib/active_record/migration.rb:383:in `connection'
  activerecord (4.2.6) lib/active_record/migration.rb:370:in `call'
  actionpack (4.2.6) lib/action_dispatch/middleware/callbacks.rb:29:in `block in call'
  activesupport (4.2.6) lib/active_support/callbacks.rb:88:in `__run_callbacks__'
  activesupport (4.2.6) lib/active_support/callbacks.rb:778:in `_run_call_callbacks'
  activesupport (4.2.6) lib/active_support/callbacks.rb:81:in `run_callbacks'
  actionpack (4.2.6) lib/action_dispatch/middleware/callbacks.rb:27:in `call'
  actionpack (4.2.6) lib/action_dispatch/middleware/reloader.rb:73:in `call'
  actionpack (4.2.6) lib/action_dispatch/middleware/remote_ip.rb:78:in `call'
  better_errors (2.1.1) lib/better_errors/middleware.rb:84:in `protected_app_call'
  better_errors (2.1.1) lib/better_errors/middleware.rb:79:in `better_errors_call'
  better_errors (2.1.1) lib/better_errors/middleware.rb:57:in `call'
  actionpack (4.2.6) lib/action_dispatch/middleware/debug_exceptions.rb:17:in `call'
  web-console (2.3.0) lib/web_console/middleware.rb:28:in `block in call'
  web-console (2.3.0) lib/web_console/middleware.rb:18:in `call'
  actionpack (4.2.6) lib/action_dispatch/middleware/show_exceptions.rb:30:in `call'
  railties (4.2.6) lib/rails/rack/logger.rb:38:in `call_app'
  railties (4.2.6) lib/rails/rack/logger.rb:20:in `block in call'
  activesupport (4.2.6) lib/active_support/tagged_logging.rb:68:in `block in tagged'
  activesupport (4.2.6) lib/active_support/tagged_logging.rb:26:in `tagged'
  activesupport (4.2.6) lib/active_support/tagged_logging.rb:68:in `tagged'
  railties (4.2.6) lib/rails/rack/logger.rb:20:in `call'
  quiet_assets (1.1.0) lib/quiet_assets.rb:27:in `call_with_quiet_assets'
  actionpack (4.2.6) lib/action_dispatch/middleware/request_id.rb:21:in `call'
  rack (1.6.4) lib/rack/methodoverride.rb:22:in `call'
  rack (1.6.4) lib/rack/runtime.rb:18:in `call'
  activesupport (4.2.6) lib/active_support/cache/strategy/local_cache_middleware.rb:28:in `call'
  rack (1.6.4) lib/rack/lock.rb:17:in `call'
  actionpack (4.2.6) lib/action_dispatch/middleware/static.rb:120:in `call'
  rack (1.6.4) lib/rack/sendfile.rb:113:in `call'
  railties (4.2.6) lib/rails/engine.rb:518:in `call'
  railties (4.2.6) lib/rails/application.rb:165:in `call'
  /Users/Deanna/Library/Application Support/Pow/Versions/0.5.0/node_modules/nack/lib/nack/server.rb:155:in `handle'
  /Users/Deanna/Library/Application Support/Pow/Versions/0.5.0/node_modules/nack/lib/nack/server.rb:109:in `rescue in block (2 levels) in start'
  /Users/Deanna/Library/Application Support/Pow/Versions/0.5.0/node_modules/nack/lib/nack/server.rb:106:in `block (2 levels) in start'
  /Users/Deanna/Library/Application Support/Pow/Versions/0.5.0/node_modules/nack/lib/nack/server.rb:96:in `block in start'
  /Users/Deanna/Library/Application Support/Pow/Versions/0.5.0/node_modules/nack/lib/nack/server.rb:76:in `start'
  /Users/Deanna/Library/Application Support/Pow/Versions/0.5.0/node_modules/nack/lib/nack/server.rb:12:in `run'
  /Users/Deanna/Library/Application Support/Pow/Versions/0.5.0/node_modules/nack/bin/nack_worker:4:in `<main>'



Started POST "/__better_errors/292197db72f908a1/variables" for 127.0.0.1 at 2016-06-04 15:42:26 -0400
  [1m[36m (15.1ms)[0m  [1mCREATE TABLE "schema_migrations" ("version" character varying NOT NULL) [0m
  [1m[35m (7.5ms)[0m  CREATE UNIQUE INDEX  "unique_schema_migrations" ON "schema_migrations"  ("version")
  [1m[36mActiveRecord::SchemaMigration Load (0.3ms)[0m  [1mSELECT "schema_migrations".* FROM "schema_migrations"[0m
Migrating to ActsAsTaggableOnMigration (20160604160815)
  [1m[35m (0.1ms)[0m  BEGIN
  [1m[36m (16.2ms)[0m  [1mCREATE TABLE "tags" ("id" serial primary key, "name" character varying) [0m
  [1m[35m (8.4ms)[0m  CREATE TABLE "taggings" ("id" serial primary key, "tag_id" integer, "taggable_id" integer, "taggable_type" character varying, "tagger_id" integer, "tagger_type" character varying, "context" character varying(128), "created_at" timestamp) 
  [1m[36m (0.7ms)[0m  [1mCREATE  INDEX  "index_taggings_on_tag_id" ON "taggings"  ("tag_id")[0m
  [1m[35m (0.6ms)[0m  CREATE  INDEX  "index_taggings_on_taggable_id_and_taggable_type_and_context" ON "taggings"  ("taggable_id", "taggable_type", "context")
  [1m[36mSQL (0.3ms)[0m  [1mINSERT INTO "schema_migrations" ("version") VALUES ($1)[0m  [["version", "20160604160815"]]
  [1m[35m (5.6ms)[0m  COMMIT
Migrating to AddMissingUniqueIndices (20160604160816)
  [1m[36m (11.5ms)[0m  [1mBEGIN[0m
  [1m[35m (12.4ms)[0m  CREATE UNIQUE INDEX  "index_tags_on_name" ON "tags"  ("name")
  [1m[36m (0.5ms)[0m  [1mDROP INDEX "index_taggings_on_tag_id"[0m
  [1m[35m (0.3ms)[0m  DROP INDEX "index_taggings_on_taggable_id_and_taggable_type_and_context"
  [1m[36m (1.2ms)[0m  [1mCREATE UNIQUE INDEX  "taggings_idx" ON "taggings"  ("tag_id", "taggable_id", "taggable_type", "context", "tagger_id", "tagger_type")[0m
  [1m[35mSQL (0.1ms)[0m  INSERT INTO "schema_migrations" ("version") VALUES ($1)  [["version", "20160604160816"]]
  [1m[36m (1.0ms)[0m  [1mCOMMIT[0m
Migrating to AddTaggingsCounterCacheToTags (20160604160817)
  [1m[35m (0.1ms)[0m  BEGIN
  [1m[36m (20.8ms)[0m  [1mALTER TABLE "tags" ADD "taggings_count" integer DEFAULT 0[0m
  [1m[35mActsAsTaggableOn::Tag Load (0.5ms)[0m  SELECT  "tags".* FROM "tags"  ORDER BY "tags"."id" ASC LIMIT 1000
  [1m[36mSQL (0.1ms)[0m  [1mINSERT INTO "schema_migrations" ("version") VALUES ($1)[0m  [["version", "20160604160817"]]
  [1m[35m (6.6ms)[0m  COMMIT
Migrating to AddMissingTaggableIndex (20160604160818)
  [1m[36m (0.2ms)[0m  [1mBEGIN[0m
  [1m[35m (7.0ms)[0m  CREATE  INDEX  "index_taggings_on_taggable_id_and_taggable_type_and_context" ON "taggings"  ("taggable_id", "taggable_type", "context")
  [1m[36mSQL (0.2ms)[0m  [1mINSERT INTO "schema_migrations" ("version") VALUES ($1)[0m  [["version", "20160604160818"]]
  [1m[35m (6.3ms)[0m  COMMIT
Migrating to ChangeCollationForTagNames (20160604160819)
  [1m[36m (0.1ms)[0m  [1mBEGIN[0m
  [1m[35mSQL (0.1ms)[0m  INSERT INTO "schema_migrations" ("version") VALUES ($1)  [["version", "20160604160819"]]
  [1m[36m (5.7ms)[0m  [1mCOMMIT[0m
Migrating to CreateProviders (20160604173441)
  [1m[35m (0.1ms)[0m  BEGIN
  [1m[36m (14.5ms)[0m  [1mCREATE TABLE "providers" ("id" serial primary key, "businessname" character varying NOT NULL, "firstname" character varying, "lastname" character varying, "phonenumber" character varying NOT NULL, "email" character varying, "street" character varying, "city" character varying, "state" character varying, "zip" character varying, "description" character varying NOT NULL, "url" character varying, "active" boolean DEFAULT 'f', "created_at" timestamp NOT NULL, "updated_at" timestamp NOT NULL) [0m
  [1m[35mSQL (0.2ms)[0m  INSERT INTO "schema_migrations" ("version") VALUES ($1)  [["version", "20160604173441"]]
  [1m[36m (0.3ms)[0m  [1mCOMMIT[0m
  [1m[35mActiveRecord::SchemaMigration Load (0.2ms)[0m  SELECT "schema_migrations".* FROM "schema_migrations"
  [1m[36m (1.9ms)[0m  [1mSELECT t2.oid::regclass::text AS to_table, a1.attname AS column, a2.attname AS primary_key, c.conname AS name, c.confupdtype AS on_update, c.confdeltype AS on_delete
FROM pg_constraint c
JOIN pg_class t1 ON c.conrelid = t1.oid
JOIN pg_class t2 ON c.confrelid = t2.oid
JOIN pg_attribute a1 ON a1.attnum = c.conkey[1] AND a1.attrelid = t1.oid
JOIN pg_attribute a2 ON a2.attnum = c.confkey[1] AND a2.attrelid = t2.oid
JOIN pg_namespace t3 ON c.connamespace = t3.oid
WHERE c.contype = 'f'
  AND t1.relname = 'providers'
  AND t3.nspname = ANY (current_schemas(false))
ORDER BY c.conname
[0m
  [1m[35m (1.4ms)[0m  SELECT t2.oid::regclass::text AS to_table, a1.attname AS column, a2.attname AS primary_key, c.conname AS name, c.confupdtype AS on_update, c.confdeltype AS on_delete
FROM pg_constraint c
JOIN pg_class t1 ON c.conrelid = t1.oid
JOIN pg_class t2 ON c.confrelid = t2.oid
JOIN pg_attribute a1 ON a1.attnum = c.conkey[1] AND a1.attrelid = t1.oid
JOIN pg_attribute a2 ON a2.attnum = c.confkey[1] AND a2.attrelid = t2.oid
JOIN pg_namespace t3 ON c.connamespace = t3.oid
WHERE c.contype = 'f'
  AND t1.relname = 'taggings'
  AND t3.nspname = ANY (current_schemas(false))
ORDER BY c.conname

  [1m[36m (1.4ms)[0m  [1mSELECT t2.oid::regclass::text AS to_table, a1.attname AS column, a2.attname AS primary_key, c.conname AS name, c.confupdtype AS on_update, c.confdeltype AS on_delete
FROM pg_constraint c
JOIN pg_class t1 ON c.conrelid = t1.oid
JOIN pg_class t2 ON c.confrelid = t2.oid
JOIN pg_attribute a1 ON a1.attnum = c.conkey[1] AND a1.attrelid = t1.oid
JOIN pg_attribute a2 ON a2.attnum = c.confkey[1] AND a2.attrelid = t2.oid
JOIN pg_namespace t3 ON c.connamespace = t3.oid
WHERE c.contype = 'f'
  AND t1.relname = 'tags'
  AND t3.nspname = ANY (current_schemas(false))
ORDER BY c.conname
[0m


Started GET "/" for 127.0.0.1 at 2016-06-04 15:44:00 -0400
  [1m[36mActiveRecord::SchemaMigration Load (0.4ms)[0m  [1mSELECT "schema_migrations".* FROM "schema_migrations"[0m
Processing by HomeController#search as HTML
  Rendered home/search.html.erb within layouts/application (1.5ms)
  Rendered layouts/_navbar.html.erb (0.8ms)
Completed 200 OK in 3815ms (Views: 3807.6ms | ActiveRecord: 0.0ms)


Started GET "/" for 127.0.0.1 at 2016-06-04 15:44:05 -0400
  [1m[36mActiveRecord::SchemaMigration Load (0.3ms)[0m  [1mSELECT "schema_migrations".* FROM "schema_migrations"[0m
Processing by HomeController#search as HTML
  Rendered home/search.html.erb within layouts/application (1.0ms)
  Rendered layouts/_navbar.html.erb (0.8ms)
Completed 200 OK in 234ms (Views: 227.0ms | ActiveRecord: 0.0ms)


Started GET "/about" for 127.0.0.1 at 2016-06-04 15:45:19 -0400
Processing by HomeController#about as HTML
  Rendered home/about.html.erb within layouts/application (0.4ms)
  Rendered layouts/_navbar.html.erb (0.6ms)
Completed 200 OK in 30ms (Views: 29.5ms | ActiveRecord: 0.0ms)


Started GET "/" for 127.0.0.1 at 2016-06-04 15:49:37 -0400
Processing by HomeController#search as HTML
  Rendered home/search.html.erb within layouts/application (0.1ms)
  Rendered layouts/_navbar.html.erb (0.5ms)
Completed 200 OK in 45ms (Views: 44.6ms | ActiveRecord: 0.0ms)


Started GET "/" for 127.0.0.1 at 2016-06-04 15:56:42 -0400
Processing by HomeController#search as HTML
  Rendered home/search.html.erb within layouts/application (0.9ms)
  Rendered layouts/_navbar.html.erb (0.4ms)
Completed 200 OK in 42ms (Views: 41.1ms | ActiveRecord: 0.0ms)


Started GET "/" for 127.0.0.1 at 2016-06-04 16:30:59 -0400
  [1m[36mActiveRecord::SchemaMigration Load (0.8ms)[0m  [1mSELECT "schema_migrations".* FROM "schema_migrations"[0m
Processing by HomeController#search as HTML
  Rendered home/search.html.erb within layouts/application (1.5ms)
  Rendered layouts/_navbar.html.erb (0.9ms)
  Rendered layouts/_footer.html.erb (0.4ms)
Completed 200 OK in 274ms (Views: 266.5ms | ActiveRecord: 0.0ms)


Started GET "/" for 127.0.0.1 at 2016-06-04 16:34:08 -0400
Processing by HomeController#search as HTML
  Rendered home/search.html.erb within layouts/application (0.0ms)
  Rendered layouts/_navbar.html.erb (0.3ms)
  Rendered layouts/_footer.html.erb (0.0ms)
Completed 200 OK in 25ms (Views: 24.5ms | ActiveRecord: 0.0ms)


Started GET "/" for 127.0.0.1 at 2016-06-04 17:42:23 -0400
  [1m[36mActiveRecord::SchemaMigration Load (1.1ms)[0m  [1mSELECT "schema_migrations".* FROM "schema_migrations"[0m
Processing by HomeController#search as HTML
  Rendered home/search.html.erb within layouts/application (1.6ms)
  Rendered layouts/_navbar.html.erb (0.9ms)
  Rendered layouts/_footer.html.erb (0.5ms)
Completed 200 OK in 416ms (Views: 407.6ms | ActiveRecord: 0.0ms)

ActionController::RoutingError (No route matches [GET] "/assets/images/logo.png"):
  actionpack (4.2.6) lib/action_dispatch/middleware/debug_exceptions.rb:21:in `call'
  web-console (2.3.0) lib/web_console/middleware.rb:28:in `block in call'
  web-console (2.3.0) lib/web_console/middleware.rb:18:in `catch'
  web-console (2.3.0) lib/web_console/middleware.rb:18:in `call'
  actionpack (4.2.6) lib/action_dispatch/middleware/show_exceptions.rb:30:in `call'
  railties (4.2.6) lib/rails/rack/logger.rb:38:in `call_app'
  railties (4.2.6) lib/rails/rack/logger.rb:20:in `block in call'
  activesupport (4.2.6) lib/active_support/tagged_logging.rb:68:in `block in tagged'
  activesupport (4.2.6) lib/active_support/tagged_logging.rb:26:in `tagged'
  activesupport (4.2.6) lib/active_support/tagged_logging.rb:68:in `tagged'
  railties (4.2.6) lib/rails/rack/logger.rb:20:in `call'
  quiet_assets (1.1.0) lib/quiet_assets.rb:27:in `call_with_quiet_assets'
  actionpack (4.2.6) lib/action_dispatch/middleware/request_id.rb:21:in `call'
  rack (1.6.4) lib/rack/methodoverride.rb:22:in `call'
  rack (1.6.4) lib/rack/runtime.rb:18:in `call'
  activesupport (4.2.6) lib/active_support/cache/strategy/local_cache_middleware.rb:28:in `call'
  rack (1.6.4) lib/rack/lock.rb:17:in `call'
  actionpack (4.2.6) lib/action_dispatch/middleware/static.rb:120:in `call'
  rack (1.6.4) lib/rack/sendfile.rb:113:in `call'
  railties (4.2.6) lib/rails/engine.rb:518:in `call'
  railties (4.2.6) lib/rails/application.rb:165:in `call'
  /Users/Deanna/Library/Application Support/Pow/Versions/0.5.0/node_modules/nack/lib/nack/server.rb:155:in `handle'
  /Users/Deanna/Library/Application Support/Pow/Versions/0.5.0/node_modules/nack/lib/nack/server.rb:109:in `rescue in block (2 levels) in start'
  /Users/Deanna/Library/Application Support/Pow/Versions/0.5.0/node_modules/nack/lib/nack/server.rb:106:in `block (2 levels) in start'
  /Users/Deanna/Library/Application Support/Pow/Versions/0.5.0/node_modules/nack/lib/nack/server.rb:96:in `each'
  /Users/Deanna/Library/Application Support/Pow/Versions/0.5.0/node_modules/nack/lib/nack/server.rb:96:in `block in start'
  /Users/Deanna/Library/Application Support/Pow/Versions/0.5.0/node_modules/nack/lib/nack/server.rb:76:in `loop'
  /Users/Deanna/Library/Application Support/Pow/Versions/0.5.0/node_modules/nack/lib/nack/server.rb:76:in `start'
  /Users/Deanna/Library/Application Support/Pow/Versions/0.5.0/node_modules/nack/lib/nack/server.rb:12:in `run'
  /Users/Deanna/Library/Application Support/Pow/Versions/0.5.0/node_modules/nack/bin/nack_worker:4:in `<main>'




Started GET "/" for 127.0.0.1 at 2016-06-04 17:49:14 -0400
Processing by HomeController#search as HTML
  Rendered home/search.html.erb within layouts/application (0.0ms)
  Rendered layouts/_navbar.html.erb (3.2ms)
  Rendered layouts/_footer.html.erb (0.0ms)
Completed 200 OK in 51ms (Views: 50.7ms | ActiveRecord: 0.0ms)


Started GET "/" for 127.0.0.1 at 2016-06-04 17:51:18 -0400
Processing by HomeController#search as HTML
  Rendered home/search.html.erb within layouts/application (0.0ms)
  Rendered layouts/_navbar.html.erb (1.1ms)
  Rendered layouts/_footer.html.erb (0.0ms)
Completed 200 OK in 26ms (Views: 25.6ms | ActiveRecord: 0.0ms)


Started GET "/" for 127.0.0.1 at 2016-06-04 17:52:59 -0400
Processing by HomeController#search as HTML
  Rendered home/search.html.erb within layouts/application (0.1ms)
  Rendered layouts/_navbar.html.erb (0.7ms)
  Rendered layouts/_footer.html.erb (0.0ms)
Completed 200 OK in 30ms (Views: 29.5ms | ActiveRecord: 0.0ms)


Started GET "/" for 127.0.0.1 at 2016-06-04 17:53:24 -0400
Processing by HomeController#search as HTML
  Rendered home/search.html.erb within layouts/application (0.0ms)
  Rendered layouts/_navbar.html.erb (0.8ms)
  Rendered layouts/_footer.html.erb (0.0ms)
Completed 200 OK in 26ms (Views: 25.6ms | ActiveRecord: 0.0ms)


Started GET "/" for 127.0.0.1 at 2016-06-04 18:11:34 -0400
  [1m[36mActiveRecord::SchemaMigration Load (0.5ms)[0m  [1mSELECT "schema_migrations".* FROM "schema_migrations"[0m
Processing by HomeController#search as HTML
  Rendered home/search.html.erb within layouts/application (1.5ms)
  Rendered layouts/_navbar.html.erb (1.5ms)
  Rendered layouts/_footer.html.erb (0.6ms)
Completed 200 OK in 433ms (Views: 421.2ms | ActiveRecord: 0.0ms)
